[2025-04-21T17:42:06.519850+00:00] my_app.INFO: សារប្រតិបត្តិការ 3 {"status":"error","status_code":404,"error_message":"Item not found in cart"} [] []
[2025-04-21T17:42:06.521186+00:00] my_app.INFO: សារប្រតិបត្តិការ 4 "9e75a8b3-b64b-429f-9ef6-7e53749fea54" [] []
[2025-04-21T17:42:06.841534+00:00] my_app.INFO: សារប្រតិបត្តិការ 2: [{"id":13,"user_id":21,"total_price":"18.00","status":"cart","product_id":"9eba2b63-dfc4-4f86-a247-db68fad041c7","quantity":2,"payment_id":null,"created_at":"2025-04-21T12:22:03.000000Z","updated_at":"2025-04-21T12:23:21.000000Z","product":{"product_id":"9eba2b63-dfc4-4f86-a247-db68fad041c7","product_name":"Among us steam","product_claim":"steam@gmail.com\r\nsteam1235","product_detail":"Please note this is account for you type email and password\r\neverything you can change.","priceUSD":"9.00","category_id":2,"image":"http:\/\/178.128.123.241:9000\/digital\/products\/amoung-us-game-RfEa.jpg","created_at":"2025-04-21T08:31:30.000000Z","updated_at":"2025-04-21T08:31:30.000000Z","seller_id":3}}] [] []
[2025-04-21T17:45:46.051300+00:00] my_app.INFO: សារប្រតិបត្តិការ 2: [{"id":13,"user_id":21,"total_price":"18.00","status":"cart","product_id":"9eba2b63-dfc4-4f86-a247-db68fad041c7","quantity":2,"payment_id":null,"created_at":"2025-04-21T12:22:03.000000Z","updated_at":"2025-04-21T12:23:21.000000Z","product":{"product_id":"9eba2b63-dfc4-4f86-a247-db68fad041c7","product_name":"Among us steam","product_claim":"steam@gmail.com\r\nsteam1235","product_detail":"Please note this is account for you type email and password\r\neverything you can change.","priceUSD":"9.00","category_id":2,"image":"http:\/\/178.128.123.241:9000\/digital\/products\/amoung-us-game-RfEa.jpg","created_at":"2025-04-21T08:31:30.000000Z","updated_at":"2025-04-21T08:31:30.000000Z","seller_id":3}}] [] []
[2025-04-21T17:45:52.020235+00:00] my_app.INFO: សារប្រតិបត្តិការ 3 {"status":"ok","status_code":200,"message":"Item removed from cart"} [] []
[2025-04-21T17:45:52.021464+00:00] my_app.INFO: សារប្រតិបត្តិការ 4 "9eba2b63-dfc4-4f86-a247-db68fad041c7" [] []
[2025-04-21T17:45:52.330518+00:00] my_app.INFO: សារប្រតិបត្តិការ 2: [] [] []
[2025-04-21T17:46:43.186145+00:00] my_app.INFO: សារប្រតិបត្តិការ 2 [] [] []
[2025-04-21T17:48:58.318921+00:00] my_app.INFO: សារប្រតិបត្តិការ 3 {"status":"ok","status_code":200,"message":"Item removed from cart"} [] []
[2025-04-21T17:48:58.320144+00:00] my_app.INFO: សារប្រតិបត្តិការ 4 "9eba2b63-dfc4-4f86-a247-db68fad041c7" [] []
[2025-04-21T17:49:00.373252+00:00] my_app.INFO: សារប្រតិបត្តិការ 3 {"status":"error","status_code":404,"error_message":"Item not found in cart"} [] []
[2025-04-21T17:49:00.374018+00:00] my_app.INFO: សារប្រតិបត្តិការ 4 "9eba2b63-dfc4-4f86-a247-db68fad041c7" [] []
[2025-04-21T17:49:03.782738+00:00] my_app.INFO: សារប្រតិបត្តិការ 2: [] [] []
[2025-04-21T17:49:07.589819+00:00] my_app.INFO: សារប្រតិបត្តិការ 2: [] [] []
[2025-04-21T17:54:41.098675+00:00] my_app.INFO: សារប្រតិបត្តិការ 2: [] [] []
[2025-04-21T18:01:06.906581+00:00] my_app.INFO: សារប្រតិបត្តិការ 2: [] [] []
[2025-04-21T18:02:35.274332+00:00] my_app.INFO: សារប្រតិបត្តិការ 2: [] [] []
[2025-04-21T18:03:15.941947+00:00] my_app.INFO: សារប្រតិបត្តិការ 2: [] [] []
[2025-04-21T18:03:35.497142+00:00] my_app.INFO: សារប្រតិបត្តិការ 2: [] [] []
[2025-04-21T18:13:59.664865+00:00] my_app.INFO: សារប្រតិបត្តិការ 2: [] [] []
[2025-04-21T18:23:48.652142+00:00] my_app.INFO: សារប្រតិបត្តិការ 2: [] [] []
